----------------------------------------------------------------------------------------------------------------------------------
      name:  <unnamed>
       log:  /Users/tuk39938/Desktop/programs/emr_nlp/results_ngrams_embed_log.log
  log type:  text
 opened on:  14 Oct 2019, 13:49:18

      Source |       SS           df       MS      Number of obs   =       309
-------------+----------------------------------   F(2, 306)       =      1.94
       Model |  663.067792         2  331.533896   Prob > F        =    0.1454
    Residual |  52282.4824       306  170.857786   R-squared       =    0.0125
-------------+----------------------------------   Adj R-squared   =    0.0061
       Total |  52945.5502       308  171.901137   Root MSE        =    13.071

------------------------------------------------------------------------------
total_quan~y |      Coef.   Std. Err.      t    P>|t|     [95% Conf. Interval]
-------------+----------------------------------------------------------------
     embed11 |  -7.458563   4.257779    -1.75   0.081    -15.83679    .9196671
     embed12 |   -21.8352   23.71587    -0.92   0.358    -68.50203    24.83164
       _cons |   29.84731   .9184928    32.50   0.000     28.03994    31.65467
------------------------------------------------------------------------------
(309 missing values generated)
PREDICTION:

                      Linear prediction
-------------------------------------------------------------
      Percentiles      Smallest
 1%     28.34038       27.57867
 5%     28.77723       28.34038
10%     29.60243       28.34038       Obs                 152
25%     29.91337       28.34038       Sum of Wgt.         152

50%     30.68884                      Mean           30.99746
                        Largest       Std. Dev.      2.227557
75%     31.35388       35.42686
90%     32.61326       36.14743       Variance        4.96201
95%     33.44077       36.14743       Skewness       5.670166
99%     36.14743       51.88459       Kurtosis       52.32538
ZEROS:
  0
(bin=12, start=27.578672, width=2.0254931)
(file /Users/tuk39938/Desktop/programs/emr_nlp/embed_1gram_preds.png written in PNG format)
  152
(309 missing values generated)

                         pred_error
-------------------------------------------------------------
      Percentiles      Smallest
 1%     .0075054       .0075054
 5%     .3760905       .0075054
10%     1.000095       .0217346       Obs                 152
25%     5.101201       .0398859       Sum of Wgt.         152

50%     51.15867                      Mean           226.5783
                        Largest       Std. Dev.      1067.377
75%     193.5818       985.1273
90%     320.8887       1065.769       Variance        1139293
95%     894.0056       1132.659       Skewness       11.44392
99%     1132.659       13015.76       Kurtosis       137.4156
(bin=12, start=.00750539, width=94.387589)
(file /Users/tuk39938/Desktop/programs/emr_nlp/embed_1gram_prederr.png written in PNG format)
(309 missing values generated)
(152 real changes made)

    Variable |        Obs        Mean    Std. Dev.       Min        Max
-------------+---------------------------------------------------------
         mse |        152    1.490647           0   1.490647   1.490647
      name:  <unnamed>
       log:  /Users/tuk39938/Desktop/programs/emr_nlp/results_ngrams_embed_log.log
  log type:  text
 closed on:  14 Oct 2019, 13:49:20
----------------------------------------------------------------------------------------------------------------------------------
----------------------------------------------------------------------------------------------------------------------------------
      name:  <unnamed>
       log:  /Users/tuk39938/Desktop/programs/emr_nlp/results_ngrams_embed_log.log
  log type:  text
 opened on:  14 Oct 2019, 13:49:20

      Source |       SS           df       MS      Number of obs   =       313
-------------+----------------------------------   F(3, 309)       =      4.29
       Model |     10845.2         3  3615.06665   Prob > F        =    0.0055
    Residual |   260401.88       309   842.72453   R-squared       =    0.0400
-------------+----------------------------------   Adj R-squared   =    0.0307
       Total |   271247.08       312  869.381666   Root MSE        =     29.03

------------------------------------------------------------------------------
total_quan~y |      Coef.   Std. Err.      t    P>|t|     [95% Conf. Interval]
-------------+----------------------------------------------------------------
     embed11 |  -28.92456   8.160983    -3.54   0.000    -44.98269   -12.86643
     embed12 |  -16.76737   32.32075    -0.52   0.604    -80.36396    46.82922
     embed13 |   -68.8901   200.4263    -0.34   0.731    -463.2631    325.4829
       _cons |   29.64886   1.978389    14.99   0.000     25.75604    33.54168
------------------------------------------------------------------------------
(313 missing values generated)
PREDICTION:

                      Linear prediction
-------------------------------------------------------------
      Percentiles      Smallest
 1%     23.80494       23.80494
 5%     26.38981       23.80494
10%     28.93266       23.80494       Obs                 153
25%     30.30504       23.80494       Sum of Wgt.         153

50%     33.37596                      Mean           33.68802
                        Largest       Std. Dev.      5.025883
75%     35.49142       43.58445
90%     40.37533       54.08094       Variance        25.2595
95%     40.37533       54.08094       Skewness       1.197359
99%     54.08094       54.08094       Kurtosis       6.809727
ZEROS:
  0
(bin=12, start=23.804941, width=2.5230002)
(file /Users/tuk39938/Desktop/programs/emr_nlp/embed_2gram_preds.png written in PNG format)
  153
(313 missing values generated)

                         pred_error
-------------------------------------------------------------
      Percentiles      Smallest
 1%     .0149221       .0090165
 5%     .2325873       .0149221
10%     3.047098       .0380479       Obs                 153
25%     20.32732       .0854088       Sum of Wgt.         153

50%     79.43018                      Mean            221.649
                        Largest       Std. Dev.      497.7685
75%       261.54       1482.321
90%     480.5517       1576.706       Variance       247773.5
95%     805.1592       3474.156       Skewness       5.910989
99%     3474.156       4345.322       Kurtosis        44.0745
(bin=12, start=.00901654, width=131.39138)
(file /Users/tuk39938/Desktop/programs/emr_nlp/embed_2gram_prederr.png written in PNG format)
(313 missing values generated)
(153 real changes made)

    Variable |        Obs        Mean    Std. Dev.       Min        Max
-------------+---------------------------------------------------------
         mse |        153    1.448686           0   1.448686   1.448686
      name:  <unnamed>
       log:  /Users/tuk39938/Desktop/programs/emr_nlp/results_ngrams_embed_log.log
  log type:  text
 closed on:  14 Oct 2019, 13:49:21
----------------------------------------------------------------------------------------------------------------------------------
----------------------------------------------------------------------------------------------------------------------------------
      name:  <unnamed>
       log:  /Users/tuk39938/Desktop/programs/emr_nlp/results_ngrams_embed_log.log
  log type:  text
 opened on:  14 Oct 2019, 13:49:22

      Source |       SS           df       MS      Number of obs   =       299
-------------+----------------------------------   F(3, 295)       =      1.61
       Model |  1049.31757         3  349.772524   Prob > F        =    0.1862
    Residual |  63940.4082       295  216.747146   R-squared       =    0.0161
-------------+----------------------------------   Adj R-squared   =    0.0061
       Total |  64989.7258       298  218.086328   Root MSE        =    14.722

------------------------------------------------------------------------------
total_quan~y |      Coef.   Std. Err.      t    P>|t|     [95% Conf. Interval]
-------------+----------------------------------------------------------------
     embed11 |  -4.761728    4.34594    -1.10   0.274     -13.3147    3.791247
     embed12 |   39.86644   23.68553     1.68   0.093    -6.747595    86.48047
     embed13 |   95.50408   79.16369     1.21   0.229    -60.29307    251.3012
       _cons |   32.24641   1.085634    29.70   0.000     30.10984    34.38298
------------------------------------------------------------------------------
(299 missing values generated)
PREDICTION:

                      Linear prediction
-------------------------------------------------------------
      Percentiles      Smallest
 1%     24.25238        21.4979
 5%     31.33657       24.25238
10%     31.70988       26.57285       Obs                 149
25%        32.28       28.87523       Sum of Wgt.         149

50%     32.68158                      Mean           32.59508
                        Largest       Std. Dev.      1.582214
75%     33.16663       36.26856
90%     34.01226       36.26856       Variance         2.5034
95%     34.01226       36.26856       Skewness      -3.395013
99%     36.26856       36.26856       Kurtosis       24.27678
ZEROS:
  0
(bin=12, start=21.497896, width=1.2308885)
(file /Users/tuk39938/Desktop/programs/emr_nlp/embed_3gram_preds.png written in PNG format)
  149
(299 missing values generated)

                         pred_error
-------------------------------------------------------------
      Percentiles      Smallest
 1%     .0440019       .0080425
 5%     .6141244       .0440019
10%     5.046342       .0607162       Obs                 149
25%     20.86457       .0832795       Sum of Wgt.         149

50%     77.33099                      Mean           203.1568
                        Largest       Std. Dev.      393.9333
75%     246.8487       962.0987
90%     541.3353       1005.614       Variance       155183.4
95%     690.6383       1579.261       Skewness       6.571713
99%     1579.261       3996.305       Kurtosis       59.97525
(bin=12, start=.00804245, width=83.800498)
(file /Users/tuk39938/Desktop/programs/emr_nlp/embed_3gram_prederr.png written in PNG format)
(299 missing values generated)
(149 real changes made)

    Variable |        Obs        Mean    Std. Dev.       Min        Max
-------------+---------------------------------------------------------
         mse |        149    1.363469           0   1.363469   1.363469
      name:  <unnamed>
       log:  /Users/tuk39938/Desktop/programs/emr_nlp/results_ngrams_embed_log.log
  log type:  text
 closed on:  14 Oct 2019, 13:49:23
----------------------------------------------------------------------------------------------------------------------------------
----------------------------------------------------------------------------------------------------------------------------------
      name:  <unnamed>
       log:  /Users/tuk39938/Desktop/programs/emr_nlp/results_ngrams_embed_log.log
  log type:  text
 opened on:  14 Oct 2019, 13:49:24

      Source |       SS           df       MS      Number of obs   =       310
-------------+----------------------------------   F(2, 307)       =      5.78
       Model |  8960.88467         2  4480.44233   Prob > F        =    0.0034
    Residual |  237968.612       307  775.142059   R-squared       =    0.0363
-------------+----------------------------------   Adj R-squared   =    0.0300
       Total |  246929.497       309  799.124585   Root MSE        =    27.841

------------------------------------------------------------------------------
total_quan~y |      Coef.   Std. Err.      t    P>|t|     [95% Conf. Interval]
-------------+----------------------------------------------------------------
     embed11 |  -26.79865   8.202969    -3.27   0.001     -42.9398   -10.65749
     embed12 |  -19.02441   19.18478    -0.99   0.322    -56.77472    18.72589
       _cons |   29.31087   1.973306    14.85   0.000     25.42796    33.19379
------------------------------------------------------------------------------
(310 missing values generated)
PREDICTION:

                      Linear prediction
-------------------------------------------------------------
      Percentiles      Smallest
 1%     23.89648       23.89648
 5%      25.4661       23.89648
10%     27.33638       23.89648       Obs                 152
25%     29.54425       23.89648       Sum of Wgt.         152

50%     31.75998                      Mean           32.57604
                        Largest       Std. Dev.      4.982013
75%     35.22735       42.22222
90%     39.24897       51.94724       Variance       24.82045
95%     39.24897       51.94724       Skewness       1.142355
99%     51.94724       51.94724       Kurtosis       5.776226
ZEROS:
  0
(bin=12, start=23.896477, width=2.3375632)
(file /Users/tuk39938/Desktop/programs/emr_nlp/embed_4gram_preds.png written in PNG format)
  152
(310 missing values generated)

                         pred_error
-------------------------------------------------------------
      Percentiles      Smallest
 1%     .0041145       .0031488
 5%     .5640517       .0041145
10%     2.149451       .0107171       Obs                 152
25%     24.24812       .0107171       Sum of Wgt.         152

50%     85.65639                      Mean           357.9989
                        Largest       Std. Dev.      956.2695
75%     272.4578       4298.889
90%     715.2911       4409.789       Variance       914451.3
95%     1186.924       4416.896       Skewness       5.610167
99%     4416.896       8311.607       Kurtosis       39.26488
(bin=12, start=.0031488, width=367.48212)
(file /Users/tuk39938/Desktop/programs/emr_nlp/embed_4gram_prederr.png written in PNG format)
(310 missing values generated)
(152 real changes made)

    Variable |        Obs        Mean    Std. Dev.       Min        Max
-------------+---------------------------------------------------------
         mse |        152    2.355256           0   2.355256   2.355256
      name:  <unnamed>
       log:  /Users/tuk39938/Desktop/programs/emr_nlp/results_ngrams_embed_log.log
  log type:  text
 closed on:  14 Oct 2019, 13:49:25
----------------------------------------------------------------------------------------------------------------------------------
----------------------------------------------------------------------------------------------------------------------------------
      name:  <unnamed>
       log:  /Users/tuk39938/Desktop/programs/emr_nlp/results_ngrams_embed_log.log
  log type:  text
 opened on:  14 Oct 2019, 13:49:46

      Source |       SS           df       MS      Number of obs   =     3,800
-------------+----------------------------------   F(19, 3780)     =      6.31
       Model |  35651.1658        19  1876.37715   Prob > F        =    0.0000
    Residual |  1124768.21     3,780  297.557726   R-squared       =    0.0307
-------------+----------------------------------   Adj R-squared   =    0.0259
       Total |  1160419.37     3,799  305.453901   Root MSE        =     17.25

------------------------------------------------------------------------------
total_quan~y |      Coef.   Std. Err.      t    P>|t|     [95% Conf. Interval]
-------------+----------------------------------------------------------------
     embed11 |  -9.278081   1.585372    -5.85   0.000    -12.38635   -6.169814
     embed12 |  -6.720794   1.638746    -4.10   0.000    -9.933706   -3.507882
     embed13 |  -7.775836    1.51547    -5.13   0.000    -10.74705   -4.804619
     embed14 |  -7.292992   1.633101    -4.47   0.000    -10.49484   -4.091149
     embed15 |  -4.612259   1.639072    -2.81   0.005     -7.82581   -1.398707
     embed16 |  -4.796849   1.665098    -2.88   0.004    -8.061426   -1.532272
     embed17 |  -5.429132   1.717835    -3.16   0.002    -8.797106   -2.061159
     embed18 |   -5.87184   1.878339    -3.13   0.002    -9.554497   -2.189184
     embed19 |  -4.282918   2.011286    -2.13   0.033    -8.226229    -.339607
    embed110 |  -2.406992   2.357538    -1.02   0.307    -7.029162    2.215177
    embed111 |  -5.139841   2.774316    -1.85   0.064    -10.57914    .2994596
    embed112 |  -1.571649    3.97509    -0.40   0.693    -9.365177    6.221879
    embed113 |  -4.618953   5.284903    -0.87   0.382    -14.98049    5.742584
    embed114 |  -2.214233   8.091542    -0.27   0.784    -18.07844    13.64998
    embed115 |   3.504887   12.43774     0.28   0.778    -20.88044    27.89021
    embed116 |   48.95164   25.83614     1.89   0.058    -1.702481    99.60577
    embed117 |   7.892076     51.079     0.15   0.877      -92.253    108.0371
    embed118 |   -67.7865   151.6121    -0.45   0.655    -365.0359    229.4629
    embed119 |  -428.1848   441.6434    -0.97   0.332    -1294.067    437.6976
       _cons |   26.31229   .6310286    41.70   0.000      25.0751    27.54947
------------------------------------------------------------------------------
(3,800 missing values generated)
PREDICTION:

                      Linear prediction
-------------------------------------------------------------
      Percentiles      Smallest
 1%     23.18136       14.16681
 5%     27.62977       15.26568
10%     28.73922       19.69881       Obs               1,678
25%     29.89548       20.84327       Sum of Wgt.       1,678

50%     31.58804                      Mean           31.89207
                        Largest       Std. Dev.       3.18401
75%     33.72937       42.18504
90%     36.00458       42.26017       Variance       10.13792
95%     37.31489       42.97478       Skewness       .0142121
99%     39.89049       48.41544       Kurtosis       5.001314
ZEROS:
  0
(bin=32, start=14.166811, width=1.0702695)
(file /Users/tuk39938/Desktop/programs/emr_nlp/embed_1gram_preds.png written in PNG format)
  1,678
(3,800 missing values generated)

                         pred_error
-------------------------------------------------------------
      Percentiles      Smallest
 1%     .0353453       .0001434
 5%     .7567787       .0008496
10%       2.7073       .0011144       Obs               1,678
25%     18.46536       .0013428       Sum of Wgt.       1,678

50%     68.57013                      Mean           237.0527
                        Largest       Std. Dev.      1056.526
75%     212.3255       12630.53
90%      373.251       13138.78       Variance        1116248
95%     705.4405       20777.38       Skewness       16.84133
99%     2875.617       26401.74       Kurtosis        346.925
(bin=32, start=.00014338, width=89.784313)
(file /Users/tuk39938/Desktop/programs/emr_nlp/embed_1gram_prederr.png written in PNG format)
(3800 missing values generated)
(1,678 real changes made)

    Variable |        Obs        Mean    Std. Dev.       Min        Max
-------------+---------------------------------------------------------
         mse |      1,678     .141271           0    .141271    .141271
      name:  <unnamed>
       log:  /Users/tuk39938/Desktop/programs/emr_nlp/results_ngrams_embed_log.log
  log type:  text
 closed on:  14 Oct 2019, 13:49:48
----------------------------------------------------------------------------------------------------------------------------------
----------------------------------------------------------------------------------------------------------------------------------
      name:  <unnamed>
       log:  /Users/tuk39938/Desktop/programs/emr_nlp/results_ngrams_embed_log.log
  log type:  text
 opened on:  14 Oct 2019, 13:49:48

      Source |       SS           df       MS      Number of obs   =     3,800
-------------+----------------------------------   F(19, 3780)     =      7.27
       Model |  40885.7387        19  2151.88098   Prob > F        =    0.0000
    Residual |  1119533.63     3,780  296.172919   R-squared       =    0.0352
-------------+----------------------------------   Adj R-squared   =    0.0304
       Total |  1160419.37     3,799  305.453901   Root MSE        =     17.21

------------------------------------------------------------------------------
total_quan~y |      Coef.   Std. Err.      t    P>|t|     [95% Conf. Interval]
-------------+----------------------------------------------------------------
     embed11 |  -5.751886    1.53414    -3.75   0.000    -8.759708   -2.744064
     embed12 |  -6.533544   1.561143    -4.19   0.000    -9.594307    -3.47278
     embed13 |  -10.77589   1.537736    -7.01   0.000    -13.79076   -7.761017
     embed14 |  -10.01532   1.557228    -6.43   0.000    -13.06841    -6.96223
     embed15 |  -6.521313   1.627813    -4.01   0.000    -9.712789   -3.329836
     embed16 |  -6.182505   1.747751    -3.54   0.000    -9.609131   -2.755879
     embed17 |  -2.145149   1.790699    -1.20   0.231    -5.655979    1.365681
     embed18 |  -3.791037   1.942792    -1.95   0.051     -7.60006    .0179857
     embed19 |  -2.290115    2.01384    -1.14   0.256    -6.238434    1.658204
    embed110 |  -5.362214   2.319044    -2.31   0.021    -9.908912   -.8155164
    embed111 |  -3.583456   2.942612    -1.22   0.223    -9.352716    2.185805
    embed112 |  -3.237628   3.836342    -0.84   0.399    -10.75913    4.283872
    embed113 |   -5.79182   5.199673    -1.11   0.265    -15.98626    4.402617
    embed114 |   11.57906   7.087609     1.63   0.102    -2.316847    25.47497
    embed115 |  -15.39981   13.44082    -1.15   0.252    -41.75177    10.95215
    embed116 |   22.28687   21.70235     1.03   0.305    -20.26259    64.83633
    embed117 |   19.10822   73.32407     0.26   0.794    -124.6503    162.8668
    embed118 |  -32.69706   145.1352    -0.23   0.822    -317.2479    251.8538
    embed119 |  -74.01015   153.1194    -0.48   0.629    -374.2148    226.1946
       _cons |   26.19537   .6203803    42.22   0.000     24.97906    27.41168
------------------------------------------------------------------------------
(3,800 missing values generated)
PREDICTION:

                      Linear prediction
-------------------------------------------------------------
      Percentiles      Smallest
 1%     23.76709       20.99744
 5%     27.32741       21.25693
10%     28.35662       21.78871       Obs               1,678
25%      29.8891       22.19498       Sum of Wgt.       1,678

50%     31.64934                      Mean           31.86244
                        Largest       Std. Dev.      3.205392
75%     33.71385       42.09682
90%     35.88774       42.63614       Variance       10.27454
95%     37.64503       42.92556       Skewness       .2574046
99%     40.92106        44.3765       Kurtosis       3.845196
ZEROS:
  0
(bin=32, start=20.997437, width=.73059571)
(file /Users/tuk39938/Desktop/programs/emr_nlp/embed_2gram_preds.png written in PNG format)
  1,678
(3,800 missing values generated)

                         pred_error
-------------------------------------------------------------
      Percentiles      Smallest
 1%     .0210439       .0000817
 5%     .6442723       .0001597
10%     3.159568       .0003962       Obs               1,678
25%     17.43579       .0004568       Sum of Wgt.       1,678

50%     66.23335                      Mean           236.4227
                        Largest       Std. Dev.      1065.925
75%     214.6202       12752.92
90%     393.4447       12905.78       Variance        1136196
95%      700.312       20915.58       Skewness       17.00717
99%     2740.684       26992.09       Kurtosis       355.5283
(bin=32, start=.0000817, width=84.368116)
(file /Users/tuk39938/Desktop/programs/emr_nlp/embed_2gram_prederr.png written in PNG format)
(3800 missing values generated)
(1,678 real changes made)

    Variable |        Obs        Mean    Std. Dev.       Min        Max
-------------+---------------------------------------------------------
         mse |      1,678    .1408955           0   .1408955   .1408955
      name:  <unnamed>
       log:  /Users/tuk39938/Desktop/programs/emr_nlp/results_ngrams_embed_log.log
  log type:  text
 closed on:  14 Oct 2019, 13:49:49
----------------------------------------------------------------------------------------------------------------------------------
----------------------------------------------------------------------------------------------------------------------------------
      name:  <unnamed>
       log:  /Users/tuk39938/Desktop/programs/emr_nlp/results_ngrams_embed_log.log
  log type:  text
 opened on:  14 Oct 2019, 13:49:50

      Source |       SS           df       MS      Number of obs   =     3,800
-------------+----------------------------------   F(19, 3780)     =      6.73
       Model |  37991.6116        19   1999.5585   Prob > F        =    0.0000
    Residual |  1122427.76     3,780  296.938561   R-squared       =    0.0327
-------------+----------------------------------   Adj R-squared   =    0.0279
       Total |  1160419.37     3,799  305.453901   Root MSE        =    17.232

------------------------------------------------------------------------------
total_quan~y |      Coef.   Std. Err.      t    P>|t|     [95% Conf. Interval]
-------------+----------------------------------------------------------------
     embed11 |  -7.133439   1.555823    -4.58   0.000    -10.18377   -4.083106
     embed12 |  -6.367812   1.565988    -4.07   0.000    -9.438075   -3.297549
     embed13 |  -8.679889   1.534643    -5.66   0.000     -11.6887   -5.671082
     embed14 |  -8.328454   1.602466    -5.20   0.000    -11.47024   -5.186672
     embed15 |  -9.364736   1.601258    -5.85   0.000    -12.50415   -6.225323
     embed16 |  -5.688912   1.748905    -3.25   0.001      -9.1178   -2.260024
     embed17 |  -4.771401   1.822274    -2.62   0.009    -8.344136   -1.198667
     embed18 |  -3.698811   1.905195    -1.94   0.052    -7.434121    .0364993
     embed19 |  -2.534139   1.951459    -1.30   0.194    -6.360154    1.291875
    embed110 |  -.8632549   2.352172    -0.37   0.714    -5.474903    3.748394
    embed111 |  -4.980508   2.736317    -1.82   0.069    -10.34531    .3842935
    embed112 |  -1.652864   3.936183    -0.42   0.675    -9.370112    6.064384
    embed113 |  -9.992206   4.901751    -2.04   0.042    -19.60254    -.381874
    embed114 |   3.697195    6.95343     0.53   0.595    -9.935643    17.33003
    embed115 |   4.246317   10.98486     0.39   0.699    -17.29051    25.78315
    embed116 |   7.987298   17.89665     0.45   0.655    -27.10073    43.07533
    embed117 |  -52.42674   45.01337    -1.16   0.244    -140.6796    35.82612
    embed118 |   31.19467   50.39183     0.62   0.536    -67.60313    129.9925
    embed119 |   63.81734   58.60142     1.09   0.276    -51.07613    178.7108
       _cons |    26.1762   .6210573    42.15   0.000     24.95856    27.39384
------------------------------------------------------------------------------
(3,800 missing values generated)
PREDICTION:

                      Linear prediction
-------------------------------------------------------------
      Percentiles      Smallest
 1%       23.844       20.09051
 5%     27.43435       21.10107
10%     28.68831       21.43862       Obs               1,678
25%      29.9944       21.99911       Sum of Wgt.       1,678

50%     31.53632                      Mean           31.94551
                        Largest       Std. Dev.      3.131125
75%     33.88796       42.14621
90%     35.97956         42.606       Variance       9.803946
95%     37.56567       42.63212       Skewness       .2160326
99%     40.22454       42.64994       Kurtosis       3.803563
ZEROS:
  0
(bin=32, start=20.090508, width=.70498216)
(file /Users/tuk39938/Desktop/programs/emr_nlp/embed_3gram_preds.png written in PNG format)
  1,678
(3,800 missing values generated)

                         pred_error
-------------------------------------------------------------
      Percentiles      Smallest
 1%     .0317885       .0006564
 5%     .7075242       .0006635
10%      2.51708       .0022422       Obs               1,678
25%     19.31127       .0029924       Sum of Wgt.       1,678

50%     66.47729                      Mean           236.0494
                        Largest       Std. Dev.      1059.356
75%     212.3846       12483.27
90%     377.1246       12712.92       Variance        1122235
95%     702.7056       21172.46       Skewness       17.13098
99%     2860.784       26750.14       Kurtosis       359.0195
(bin=32, start=.00065636, width=82.218462)
(file /Users/tuk39938/Desktop/programs/emr_nlp/embed_3gram_prederr.png written in PNG format)
(3800 missing values generated)
(1,678 real changes made)

    Variable |        Obs        Mean    Std. Dev.       Min        Max
-------------+---------------------------------------------------------
         mse |      1,678    .1406731           0   .1406731   .1406731
      name:  <unnamed>
       log:  /Users/tuk39938/Desktop/programs/emr_nlp/results_ngrams_embed_log.log
  log type:  text
 closed on:  14 Oct 2019, 13:49:51
----------------------------------------------------------------------------------------------------------------------------------
----------------------------------------------------------------------------------------------------------------------------------
      name:  <unnamed>
       log:  /Users/tuk39938/Desktop/programs/emr_nlp/results_ngrams_embed_log.log
  log type:  text
 opened on:  14 Oct 2019, 13:49:52

      Source |       SS           df       MS      Number of obs   =     3,800
-------------+----------------------------------   F(19, 3780)     =      6.57
       Model |   37118.687        19   1953.6151   Prob > F        =    0.0000
    Residual |  1123300.68     3,780  297.169493   R-squared       =    0.0320
-------------+----------------------------------   Adj R-squared   =    0.0271
       Total |  1160419.37     3,799  305.453901   Root MSE        =    17.239

------------------------------------------------------------------------------
total_quan~y |      Coef.   Std. Err.      t    P>|t|     [95% Conf. Interval]
-------------+----------------------------------------------------------------
     embed11 |    -6.1972   1.593103    -3.89   0.000    -9.320626   -3.073774
     embed12 |  -8.787048   1.595589    -5.51   0.000    -11.91535   -5.658749
     embed13 |  -8.938378   1.552753    -5.76   0.000    -11.98269   -5.894063
     embed14 |  -8.424663   1.629411    -5.17   0.000    -11.61927   -5.230054
     embed15 |  -5.720124   1.592521    -3.59   0.000    -8.842407   -2.597841
     embed16 |  -4.711247   1.698356    -2.77   0.006    -8.041029   -1.381464
     embed17 |  -4.320547   1.768276    -2.44   0.015    -7.787415   -.8536791
     embed18 |  -6.178492   1.843783    -3.35   0.001    -9.793397   -2.563586
     embed19 |  -2.447226   2.056443    -1.19   0.234    -6.479072    1.584619
    embed110 |  -4.592528    2.28635    -2.01   0.045    -9.075127   -.1099288
    embed111 |  -1.792931   2.759806    -0.65   0.516    -7.203785    3.617922
    embed112 |  -6.175505   3.653341    -1.69   0.091    -13.33822    .9872057
    embed113 |  -1.462349   5.320426    -0.27   0.783    -11.89353    8.968835
    embed114 |   .7167173   7.573248     0.09   0.925    -14.13133    15.56477
    embed115 |   13.04141   10.18682     1.28   0.201    -6.930792    33.01361
    embed116 |   1.296484   25.57596     0.05   0.960    -48.84753     51.4405
    embed117 |  -103.9897   70.41495    -1.48   0.140    -242.0446    34.06531
    embed118 |   57.09877   94.87735     0.60   0.547     -128.917    243.1145
    embed119 |   222.1002   304.4182     0.73   0.466    -374.7395      818.94
       _cons |   26.19558   .6270835    41.77   0.000     24.96612    27.42503
------------------------------------------------------------------------------
(3,800 missing values generated)
PREDICTION:

                      Linear prediction
-------------------------------------------------------------
      Percentiles      Smallest
 1%     23.77548       21.25668
 5%     27.48221       22.16106
10%     28.75205       22.24242       Obs               1,678
25%     29.94804       22.53444       Sum of Wgt.       1,678

50%     31.67715                      Mean           31.94105
                        Largest       Std. Dev.      3.105568
75%     33.83005       41.62235
90%     36.20372       41.91996       Variance       9.644553
95%     37.44176       41.93368       Skewness       .1354724
99%     39.81114       42.05932       Kurtosis       3.648594
ZEROS:
  0
(bin=32, start=21.25668, width=.65008259)
(file /Users/tuk39938/Desktop/programs/emr_nlp/embed_4gram_preds.png written in PNG format)
  1,678
(3,800 missing values generated)

                         pred_error
-------------------------------------------------------------
      Percentiles      Smallest
 1%      .044584        .000032
 5%     .7623973       .0000581
10%      2.87155       .0001762       Obs               1,678
25%     18.67697       .0009886       Sum of Wgt.       1,678

50%     65.95263                      Mean           235.2226
                        Largest       Std. Dev.      1059.408
75%     214.0245       12117.04
90%     368.8635       13198.42       Variance        1122345
95%     699.6451        21285.9       Skewness       17.18556
99%     2860.993       26784.11       Kurtosis       361.4002
(bin=32, start=.000032, width=87.858016)
(file /Users/tuk39938/Desktop/programs/emr_nlp/embed_4gram_prederr.png written in PNG format)
(3800 missing values generated)
(1,678 real changes made)

    Variable |        Obs        Mean    Std. Dev.       Min        Max
-------------+---------------------------------------------------------
         mse |      1,678    .1401803           0   .1401803   .1401803
      name:  <unnamed>
       log:  /Users/tuk39938/Desktop/programs/emr_nlp/results_ngrams_embed_log.log
  log type:  text
 closed on:  14 Oct 2019, 13:49:53
----------------------------------------------------------------------------------------------------------------------------------
